


ARM Macro Assembler    Page 1 


    1 00000000         ; IO.s
    2 00000000         ; Student names: HYDER SHAD
    3 00000000         ; Last modification date: 3/30/2016
    4 00000000         ; Runs on LM4F120/TM4C123
    5 00000000         
    6 00000000         ; EE319K lab 7 device driver for the switch and LED.
    7 00000000         ; You are allowed to use any switch and any LED,
    8 00000000         ; although the Lab suggests the SW1 switch PF4 and Red L
                       ED PF1
    9 00000000         
   10 00000000         ; As part of Lab 7, students need to implement these thr
                       ee functions
   11 00000000         
   12 00000000         ; negative logic SW2 connected to PF0 on the Launchpad
   13 00000000         ; red LED connected to PF1 on the Launchpad
   14 00000000         ; blue LED connected to PF2 on the Launchpad
   15 00000000         ; green LED connected to PF3 on the Launchpad
   16 00000000         ; negative logic SW1 connected to PF4 on the Launchpad
   17 00000000         
   18 00000000                 EXPORT           IO_Init
   19 00000000                 EXPORT           IO_Touch
   20 00000000                 EXPORT           IO_HeartBeat
   21 00000000         
   22 00000000 400253FC 
                       GPIO_PORTF_DATA_R
                               EQU              0x400253FC
   23 00000000 40025400 
                       GPIO_PORTF_DIR_R
                               EQU              0x40025400
   24 00000000 40025420 
                       GPIO_PORTF_AFSEL_R
                               EQU              0x40025420
   25 00000000 40025510 
                       GPIO_PORTF_PUR_R
                               EQU              0x40025510
   26 00000000 4002551C 
                       GPIO_PORTF_DEN_R
                               EQU              0x4002551C
   27 00000000 40025520 
                       GPIO_PORTF_LOCK_R
                               EQU              0x40025520
   28 00000000 40025524 
                       GPIO_PORTF_CR_R
                               EQU              0x40025524
   29 00000000 40025528 
                       GPIO_PORTF_AMSEL_R
                               EQU              0x40025528
   30 00000000 4002552C 
                       GPIO_PORTF_PCTL_R
                               EQU              0x4002552C
   31 00000000 4C4F434B 
                       GPIO_LOCK_KEY
                               EQU              0x4C4F434B  ; Unlocks the GPIO_
                                                            CR register
   32 00000000         
   33 00000000 400043FC 
                       GPIO_PORTA_DATA_R
                               EQU              0x400043FC
   34 00000000 40004400 



ARM Macro Assembler    Page 2 


                       GPIO_PORTA_DIR_R
                               EQU              0x40004400
   35 00000000 40004420 
                       GPIO_PORTA_AFSEL_R
                               EQU              0x40004420
   36 00000000 4000451C 
                       GPIO_PORTA_DEN_R
                               EQU              0x4000451C
   37 00000000 4000452C 
                       GPIO_PORTA_PCTL_R
                               EQU              0x4000452C
   38 00000000         
   39 00000000 40025004 
                       PF0     EQU              0x40025004
   40 00000000 40025008 
                       PF1     EQU              0x40025008
   41 00000000 40025010 
                       PF2     EQU              0x40025010
   42 00000000 40025020 
                       PF3     EQU              0x40025020
   43 00000000 40025040 
                       PF4     EQU              0x40025040
   44 00000000 40025038 
                       LEDS    EQU              0x40025038
   45 00000000 00000002 
                       RED     EQU              0x02
   46 00000000 00000004 
                       BLUE    EQU              0x04
   47 00000000 00000008 
                       GREEN   EQU              0x08
   48 00000000 40025044 
                       SWITCHES
                               EQU              0x40025044
   49 00000000 00000010 
                       SW1     EQU              0x10        ; on the left side 
                                                            of the Launchpad bo
                                                            ard
   50 00000000 00000001 
                       SW2     EQU              0x01        ; on the right side
                                                             of the Launchpad b
                                                            oard
   51 00000000 400FE608 
                       SYSCTL_RCGCGPIO_R
                               EQU              0x400FE608
   52 00000000 000877F8 
                       heartcount
                               EQU              555000
   53 00000000 00027100 
                       bouncecount
                               EQU              160000
   54 00000000                 AREA             |.text|, CODE, READONLY, ALIGN=
2
   55 00000000                 THUMB
   56 00000000         
   57 00000000         
   58 00000000         
   59 00000000         ;------------IO_Init------------
   60 00000000         ; Initialize GPIO Port for a switch and an LED
   61 00000000         ; Input: none



ARM Macro Assembler    Page 3 


   62 00000000         ; Output: none
   63 00000000         ; This is a public function
   64 00000000         ; Invariables: This function must not permanently modify
                        registers R4 to R11
   65 00000000         IO_Init
   66 00000000         ; 1) activate clock for Port F
   67 00000000 482E            LDR              R0, =SYSCTL_RCGCGPIO_R
   68 00000002 6801            LDR              R1, [R0]
   69 00000004 F041 0120       ORR              R1, #0X20   ;SET BIT 5 HIGH TO 
                                                            ENABLE PORT F CLOCK
                                                             
   70 00000008 6001            STR              R1, [R0]
   71 0000000A BF00            NOP
   72 0000000C BF00            NOP                          ;ALLOW TIME TO FINI
                                                            SH ACTIVATING (2+ C
                                                            YCLES)
   73 0000000E BF00            NOP
   74 00000010         
   75 00000010         ;2) UNLOCK
   76 00000010 482B            LDR              R0, =GPIO_PORTF_LOCK_R
   77 00000012 492C            LDR              R1, =GPIO_LOCK_KEY
   78 00000014 6001            STR              R1, [R0]
   79 00000016         
   80 00000016         ; 3) set direction register
   81 00000016         
   82 00000016 482C            LDR              R0, =GPIO_PORTF_DIR_R ;SET BIT 
                                                            4 LOW FOR BUTTON IN
                                                            PUT 2 HIGH FOR LED 
                                                            OUTPUT
   83 00000018 6801            LDR              R1, [R0]
   84 0000001A F041 010E       ORR              R1, #0X0E
   85 0000001E 6001            STR              R1, [R0]
   86 00000020         
   87 00000020         ; 5) configure as GPIO
   88 00000020         
   89 00000020 482A            LDR              R0, =GPIO_PORTF_PCTL_R
   90 00000022 F04F 0100       MOV              R1, #0X0    ;CLEAR PORT CONTROL
                                                             FIELD TO SET UP PI
                                                            NS FOR GPIO
   91 00000026 6001            STR              R1, [R0]
   92 00000028         
   93 00000028         ; 6) regular port function
   94 00000028         
   95 00000028 4829            LDR              R0, =GPIO_PORTF_AFSEL_R ;DISABL
                                                            E ALT FUNCTIONS FOR
                                                             PIN BY SETTING BIT
                                                            S TO ZERO
   96 0000002A F04F 0100       MOV              R1, #0
   97 0000002E 6001            STR              R1, [R0]
   98 00000030         
   99 00000030         ; 7) enable digital port
  100 00000030         
  101 00000030 4828            LDR              R0, =GPIO_PORTF_DEN_R ;R1 = &GP
                                                            IO_PORTD_DEN_R
  102 00000032 F041 011E       ORR              R1, #0X1E   ;ENABLE DIGITAL I/O
                                                             ON PIN 2 AND 4
  103 00000036 6001            STR              R1, [R0]
  104 00000038         
  105 00000038         ;* * * * * * * * End of IO_Init * * * * * * * *



ARM Macro Assembler    Page 4 


  106 00000038         
  107 00000038         ;------------IO_HeartBeat------------
  108 00000038         ; Toggle the output state of the LED.
  109 00000038         ; Input: none
  110 00000038         ; Output: none
  111 00000038         ; This is a public function
  112 00000038         ; Invariables: This function must not permanently modify
                        registers R4 to R11
  113 00000038         IO_HeartBeat
  114 00000038         
  115 00000038 B501            PUSH             {R0, LR}
  116 0000003A 4827            LDR              R0, =GPIO_PORTF_DATA_R
  117 0000003C 6801            LDR              R1, [R0]
  118 0000003E F081 0102       EOR              R1, R1, #0x02
  119 00000042 6001            STR              R1, [R0]
  120 00000044 F000 F81A       BL               heartdelay
  121 00000048 F081 0102       EOR              R1, R1, #0x02
  122 0000004C 6001            STR              R1, [R0]
  123 0000004E F000 F815       BL               heartdelay
  124 00000052 F081 0104       EOR              R1, R1, #0x04
  125 00000056 6001            STR              R1, [R0]
  126 00000058 F000 F810       BL               heartdelay
  127 0000005C F081 0104       EOR              R1, R1, #0x04
  128 00000060 6001            STR              R1, [R0]
  129 00000062 F000 F80B       BL               heartdelay
  130 00000066 F081 0108       EOR              R1, R1, #0x08
  131 0000006A 6001            STR              R1, [R0]
  132 0000006C F000 F806       BL               heartdelay
  133 00000070 F081 0108       EOR              R1, R1, #0x08
  134 00000074 6001            STR              R1, [R0]
  135 00000076 F000 F801       BL               heartdelay
  136 0000007A         
  137 0000007A BD01            POP              {R0, PC}    ; EXIT SUBROUTINE C
                                                            ALL
  138 0000007C         
  139 0000007C         
  140 0000007C         
  141 0000007C 4A17    heartdelay
                               LDR              R2, =heartcount ;time delay, co
                                                            unt down from calcu
                                                            lated value for 80 
                                                            MHz Clock, with del
                                                            ay taking 5 cycles 
                                                            each time     
  142 0000007E F102 32FF 
                       heartsub
                               ADD              R2, #-1     ;subtract 1 from co
                                                            untdown     
  143 00000082 2A00            CMP              R2, #0      ;compare to see if 
                                                            countdown has reach
                                                            ed 0
  144 00000084 D1FB            BNE              heartsub    ;countdown = 0, the
                                                            n exit delay subrou
                                                            tine, otherwise loo
                                                            p to count
  145 00000086 4770            BX               LR          ;return to IO_Heart
                                                            Beat
  146 00000088         ;* * * * * * * * End of IO_HeartBeat * * * * * * * *
  147 00000088         



ARM Macro Assembler    Page 5 


  148 00000088         ;------------IO_Touch------------
  149 00000088         ; First: wait for the of the release of the switch
  150 00000088         ; and then: wait for the touch of the switch
  151 00000088         ; Input: none
  152 00000088         ; Input: none
  153 00000088         ; Output: none
  154 00000088         ; This is a public function
  155 00000088         ; Invariables: This function must not permanently modify
                        registers R4 to R11
  156 00000088         IO_Touch
  157 00000088         
  158 00000088 46F4            MOV              R12, LR
  159 0000008A         
  160 0000008A 4813    wait_release
                               LDR              R0, =GPIO_PORTF_DATA_R ;LOAD PF
                                                            4 SWITCH DATA 
  161 0000008C 6801            LDR              R1, [R0]
  162 0000008E F001 0110       AND              R1, R1, #0x10 ;CHECK FOR SWITCH
                                                             INPUT
  163 00000092 2900            CMP              R1, #0
  164 00000094 D1F9            BNE              wait_release ;IF SWITCH NOT REL
                                                            EASED YET, KEEP SPI
                                                            NNING
  165 00000096         
  166 00000096 F000 F80A 
                       wait_touch
                               BL               delay10ms   ;GO TO DEBOUNCE DEL
                                                            AY
  167 0000009A 480F            LDR              R0, =GPIO_PORTF_DATA_R ;NOW CHE
                                                            CK TO SEE IF SWITCH
                                                             PRESSSED/REPRESSED
                                                            
  168 0000009C 6801            LDR              R1, [R0]
  169 0000009E F001 0110       AND              R1, R1, #0x10
  170 000000A2 2900            CMP              R1, #0
  171 000000A4 D0F7            BEQ              wait_touch  ;IF NOT PRESSED, SP
                                                            IN UNTIL SWITCH IS 
                                                            PRESSED
  172 000000A6 F000 F802       BL               delay10ms
  173 000000AA 46E6            MOV              LR, R12     ;EXIT TOUCH SUBROUT
                                                            INE
  174 000000AC 4770            BX               LR
  175 000000AE         
  176 000000AE 4A0C    delay10ms
                               LDR              R2, =bouncecount
  177 000000B0 F102 32FF 
                       bouncesub
                               ADD              R2, #-1     ;subtract 1 from co
                                                            untdown     
  178 000000B4 2A00            CMP              R2, #0      ;compare to see if 
                                                            countdown has reach
                                                            ed 0
  179 000000B6 D1FB            BNE              bouncesub   ;countdown = 0, the
                                                            n exit delay subrou
                                                            tine, otherwise loo
                                                            p to count
  180 000000B8 4770            BX               LR          ;return to DEBOUNCE
                                                             SUBROUTINE SECTION
                                                            



ARM Macro Assembler    Page 6 


  181 000000BA         
  182 000000BA         ;* * * * * * * * End of IO_Touch * * * * * * * *
  183 000000BA         
  184 000000BA 00 00           ALIGN                        ; make sure the end
                                                             of this section is
                                                             aligned
  185 000000BC                 END                          ; end of file
              400FE608 
              40025520 
              4C4F434B 
              40025400 
              4002552C 
              40025420 
              4002551C 
              400253FC 
              000877F8 
              00027100 
Command Line: --debug --xref --cpu=Cortex-M4 --apcs=interwork --depend=.\io.d -
o.\io.o -IC:\Keil\ARM\RV31\INC -IC:\Keil\ARM\CMSIS\Include -IC:\Keil\ARM\Inc\Lu
minary --predefine="__MICROLIB SETA 1" --list=.\io.lst IO.s



ARM Macro Assembler    Page 1 Alphabetic symbol ordering
Relocatable symbols

.text 00000000

Symbol: .text
   Definitions
      At line 54 in file IO.s
   Uses
      None
Comment: .text unused
IO_HeartBeat 00000038

Symbol: IO_HeartBeat
   Definitions
      At line 113 in file IO.s
   Uses
      At line 20 in file IO.s
Comment: IO_HeartBeat used once
IO_Init 00000000

Symbol: IO_Init
   Definitions
      At line 65 in file IO.s
   Uses
      At line 18 in file IO.s
Comment: IO_Init used once
IO_Touch 00000088

Symbol: IO_Touch
   Definitions
      At line 156 in file IO.s
   Uses
      At line 19 in file IO.s
Comment: IO_Touch used once
bouncesub 000000B0

Symbol: bouncesub
   Definitions
      At line 177 in file IO.s
   Uses
      At line 179 in file IO.s
Comment: bouncesub used once
delay10ms 000000AE

Symbol: delay10ms
   Definitions
      At line 176 in file IO.s
   Uses
      At line 166 in file IO.s
      At line 172 in file IO.s

heartdelay 0000007C

Symbol: heartdelay
   Definitions
      At line 141 in file IO.s
   Uses
      At line 120 in file IO.s
      At line 123 in file IO.s
      At line 126 in file IO.s
      At line 129 in file IO.s



ARM Macro Assembler    Page 2 Alphabetic symbol ordering
Relocatable symbols

      At line 132 in file IO.s
      At line 135 in file IO.s

heartsub 0000007E

Symbol: heartsub
   Definitions
      At line 142 in file IO.s
   Uses
      At line 144 in file IO.s
Comment: heartsub used once
wait_release 0000008A

Symbol: wait_release
   Definitions
      At line 160 in file IO.s
   Uses
      At line 164 in file IO.s
Comment: wait_release used once
wait_touch 00000096

Symbol: wait_touch
   Definitions
      At line 166 in file IO.s
   Uses
      At line 171 in file IO.s
Comment: wait_touch used once
10 symbols



ARM Macro Assembler    Page 1 Alphabetic symbol ordering
Absolute symbols

BLUE 00000004

Symbol: BLUE
   Definitions
      At line 46 in file IO.s
   Uses
      None
Comment: BLUE unused
GPIO_LOCK_KEY 4C4F434B

Symbol: GPIO_LOCK_KEY
   Definitions
      At line 31 in file IO.s
   Uses
      At line 77 in file IO.s
Comment: GPIO_LOCK_KEY used once
GPIO_PORTA_AFSEL_R 40004420

Symbol: GPIO_PORTA_AFSEL_R
   Definitions
      At line 35 in file IO.s
   Uses
      None
Comment: GPIO_PORTA_AFSEL_R unused
GPIO_PORTA_DATA_R 400043FC

Symbol: GPIO_PORTA_DATA_R
   Definitions
      At line 33 in file IO.s
   Uses
      None
Comment: GPIO_PORTA_DATA_R unused
GPIO_PORTA_DEN_R 4000451C

Symbol: GPIO_PORTA_DEN_R
   Definitions
      At line 36 in file IO.s
   Uses
      None
Comment: GPIO_PORTA_DEN_R unused
GPIO_PORTA_DIR_R 40004400

Symbol: GPIO_PORTA_DIR_R
   Definitions
      At line 34 in file IO.s
   Uses
      None
Comment: GPIO_PORTA_DIR_R unused
GPIO_PORTA_PCTL_R 4000452C

Symbol: GPIO_PORTA_PCTL_R
   Definitions
      At line 37 in file IO.s
   Uses
      None
Comment: GPIO_PORTA_PCTL_R unused
GPIO_PORTF_AFSEL_R 40025420

Symbol: GPIO_PORTF_AFSEL_R



ARM Macro Assembler    Page 2 Alphabetic symbol ordering
Absolute symbols

   Definitions
      At line 24 in file IO.s
   Uses
      At line 95 in file IO.s
Comment: GPIO_PORTF_AFSEL_R used once
GPIO_PORTF_AMSEL_R 40025528

Symbol: GPIO_PORTF_AMSEL_R
   Definitions
      At line 29 in file IO.s
   Uses
      None
Comment: GPIO_PORTF_AMSEL_R unused
GPIO_PORTF_CR_R 40025524

Symbol: GPIO_PORTF_CR_R
   Definitions
      At line 28 in file IO.s
   Uses
      None
Comment: GPIO_PORTF_CR_R unused
GPIO_PORTF_DATA_R 400253FC

Symbol: GPIO_PORTF_DATA_R
   Definitions
      At line 22 in file IO.s
   Uses
      At line 116 in file IO.s
      At line 160 in file IO.s
      At line 167 in file IO.s

GPIO_PORTF_DEN_R 4002551C

Symbol: GPIO_PORTF_DEN_R
   Definitions
      At line 26 in file IO.s
   Uses
      At line 101 in file IO.s
Comment: GPIO_PORTF_DEN_R used once
GPIO_PORTF_DIR_R 40025400

Symbol: GPIO_PORTF_DIR_R
   Definitions
      At line 23 in file IO.s
   Uses
      At line 82 in file IO.s
Comment: GPIO_PORTF_DIR_R used once
GPIO_PORTF_LOCK_R 40025520

Symbol: GPIO_PORTF_LOCK_R
   Definitions
      At line 27 in file IO.s
   Uses
      At line 76 in file IO.s
Comment: GPIO_PORTF_LOCK_R used once
GPIO_PORTF_PCTL_R 4002552C

Symbol: GPIO_PORTF_PCTL_R
   Definitions



ARM Macro Assembler    Page 3 Alphabetic symbol ordering
Absolute symbols

      At line 30 in file IO.s
   Uses
      At line 89 in file IO.s
Comment: GPIO_PORTF_PCTL_R used once
GPIO_PORTF_PUR_R 40025510

Symbol: GPIO_PORTF_PUR_R
   Definitions
      At line 25 in file IO.s
   Uses
      None
Comment: GPIO_PORTF_PUR_R unused
GREEN 00000008

Symbol: GREEN
   Definitions
      At line 47 in file IO.s
   Uses
      None
Comment: GREEN unused
LEDS 40025038

Symbol: LEDS
   Definitions
      At line 44 in file IO.s
   Uses
      None
Comment: LEDS unused
PF0 40025004

Symbol: PF0
   Definitions
      At line 39 in file IO.s
   Uses
      None
Comment: PF0 unused
PF1 40025008

Symbol: PF1
   Definitions
      At line 40 in file IO.s
   Uses
      None
Comment: PF1 unused
PF2 40025010

Symbol: PF2
   Definitions
      At line 41 in file IO.s
   Uses
      None
Comment: PF2 unused
PF3 40025020

Symbol: PF3
   Definitions
      At line 42 in file IO.s
   Uses
      None



ARM Macro Assembler    Page 4 Alphabetic symbol ordering
Absolute symbols

Comment: PF3 unused
PF4 40025040

Symbol: PF4
   Definitions
      At line 43 in file IO.s
   Uses
      None
Comment: PF4 unused
RED 00000002

Symbol: RED
   Definitions
      At line 45 in file IO.s
   Uses
      None
Comment: RED unused
SW1 00000010

Symbol: SW1
   Definitions
      At line 49 in file IO.s
   Uses
      None
Comment: SW1 unused
SW2 00000001

Symbol: SW2
   Definitions
      At line 50 in file IO.s
   Uses
      None
Comment: SW2 unused
SWITCHES 40025044

Symbol: SWITCHES
   Definitions
      At line 48 in file IO.s
   Uses
      None
Comment: SWITCHES unused
SYSCTL_RCGCGPIO_R 400FE608

Symbol: SYSCTL_RCGCGPIO_R
   Definitions
      At line 51 in file IO.s
   Uses
      At line 67 in file IO.s
Comment: SYSCTL_RCGCGPIO_R used once
bouncecount 00027100

Symbol: bouncecount
   Definitions
      At line 53 in file IO.s
   Uses
      At line 176 in file IO.s
Comment: bouncecount used once
heartcount 000877F8




ARM Macro Assembler    Page 5 Alphabetic symbol ordering
Absolute symbols

Symbol: heartcount
   Definitions
      At line 52 in file IO.s
   Uses
      At line 141 in file IO.s
Comment: heartcount used once
30 symbols
373 symbols in table
