


ARM Macro Assembler    Page 1 


    1 00000000         ; Print.s
    2 00000000         ; Student names: HYDER SHAD
    3 00000000         ; Last modification date: 3/30/2016
    4 00000000         ; Runs on LM4F120 or TM4C123
    5 00000000         ; EE319K lab 7 device driver for any LCD
    6 00000000         ;
    7 00000000         ; As part of Lab 7, students need to implement these LCD
                       _OutDec and LCD_OutFix
    8 00000000         ; This driver assumes two low-level LCD functions
    9 00000000         ; ST7735_OutChar   outputs a single 8-bit ASCII characte
                       r
   10 00000000         ; ST7735_OutString outputs a null-terminated string 
   11 00000000         
   12 00000000                 IMPORT           ST7735_OutChar
   13 00000000                 IMPORT           ST7735_OutString
   14 00000000                 EXPORT           LCD_OutDec
   15 00000000                 EXPORT           LCD_OutFix
   16 00000000                 IMPORT           writedata
   17 00000000                 IMPORT           writecommand
   18 00000000                 IMPORT           ST7735_OutChar
   19 00000000         
   20 00000000                 AREA             |.text|, CODE, READONLY, ALIGN=
2
   21 00000000                 PRESERVE8
   22 00000000                 THUMB
   23 00000000         
   24 00000000         ;-----------------------LCD_OutDec----------------------
                       -
   25 00000000         ; Output a 32-bit number in unsigned decimal format
   26 00000000         ; Input: R0 (call by value) 32-bit unsigned number
   27 00000000         ; Output: none
   28 00000000         ; Invariables: This function must not permanently modify
                        registers R4 to R11
   29 00000000         LCD_OutDec
   30 00000000         
   31 00000000 B530            PUSH             {R4, R5, LR} ; SAVE REGISTERS
   32 00000002         
   33 00000002         
   34 00000002 F04F 0401       MOV              R4, #1      ;R4 COUNTS HOW MANY
                                                             TIMES DIVISION IS 
                                                            DONE ON VALUE
   35 00000006 F04F 010A       MOV              R1, #10     ;DIVIDE BY TEN EACH
                                                             TIME TO 
   36 0000000A 4602            MOV              R2, R0
   37 0000000C 4615    decascii
                               MOV              R5, R2      ;R5 IS R2 RIGHT BEF
                                                            ORE DIVISION SO REM
                                                            AINDER CAN BE CALCU
                                                            LATED
   38 0000000E FBB2 F2F1       UDIV             R2, R2, R1
   39 00000012 FB02 F301       MUL              R3, R2, R1
   40 00000016 EBA5 0303       SUB              R3, R5, R3
   41 0000001A F103 0330       ADD              R3, R3, #0x30
   42 0000001E B408            PUSH             {R3}
   43 00000020 2A00            CMP              R2, #0
   44 00000022 D002            BEQ              printdec
   45 00000024 F104 0401       ADD              R4, R4, #1
   46 00000028 E7F0            B                decascii
   47 0000002A         



ARM Macro Assembler    Page 2 


   48 0000002A         printdec
   49 0000002A BC01            POP              {R0}
   50 0000002C F7FF FFFE       BL               ST7735_OutChar
   51 00000030 F104 34FF       ADD              R4, R4, #-1
   52 00000034 2C00            CMP              R4, #0
   53 00000036 D1F8            BNE              printdec
   54 00000038 BD30    exit_ascii
                               POP              {R4, R5, PC}
   55 0000003A         ;* * * * * * * * End of LCD_OutDec * * * * * * * *
   56 0000003A         
   57 0000003A         ; -----------------------LCD _OutFix--------------------
                       --
   58 0000003A         ; Output characters to LCD display in fixed-point format
                       
   59 0000003A         ; unsigned decimal, resolution 0.001, range 0.000 to 9.9
                       99
   60 0000003A         ; Inputs:  R0 is an unsigned 32-bit number
   61 0000003A         ; Outputs: none
   62 0000003A         ; E.g., R0=0,    then output "0.000 "
   63 0000003A         ;       R0=3,    then output "0.003 "
   64 0000003A         ;       R0=89,   then output "0.089 "
   65 0000003A         ;       R0=123,  then output "0.123 "
   66 0000003A         ;       R0=9999, then output "9.999 "
   67 0000003A         ;       R0>9999, then output "*.*** "
   68 0000003A         ; Invariables: This function must not permanently modify
                        registers R4 to R11
   69 0000003A         LCD_OutFix
   70 0000003A B530            PUSH             {R4, R5, LR}
   71 0000003C F242 710F       MOV              R1, #9999
   72 00000040 4288            CMP              R0, R1
   73 00000042 DC25            BGT              oversized
   74 00000044 2800            CMP              R0, #0
   75 00000046 DB23            BLT              oversized
   76 00000048 F04F 010A       MOV              R1, #10     ;DIVIDE BY TEN EACH
                                                             TIME TO 
   77 0000004C 4602            MOV              R2, R0
   78 0000004E F04F 0404       MOV              R4, #4      ; DIVIDE FOUR TIMES
                                                            
   79 00000052 4615    fixedascii
                               MOV              R5, R2      ;R5 IS R2 RIGHT BEF
                                                            ORE DIVISION SO REM
                                                            AINDER CAN BE CALCU
                                                            LATED
   80 00000054 FBB2 F2F1       UDIV             R2, R2, R1
   81 00000058 FB02 F301       MUL              R3, R2, R1
   82 0000005C EBA5 0303       SUB              R3, R5, R3
   83 00000060 F103 0330       ADD              R3, R3, #0x30
   84 00000064 B408            PUSH             {R3}
   85 00000066 F104 34FF       ADD              R4, R4, #-1
   86 0000006A 2C00            CMP              R4, #0
   87 0000006C D1F1            BNE              fixedascii
   88 0000006E         
   89 0000006E BC01    printfixed
                               POP              {R0}
   90 00000070 F7FF FFFE       BL               ST7735_OutChar
   91 00000074 F04F 002E       MOV              R0, #0x2E
   92 00000078 F7FF FFFE       BL               ST7735_OutChar
   93 0000007C BC01            POP              {R0}
   94 0000007E F7FF FFFE       BL               ST7735_OutChar



ARM Macro Assembler    Page 3 


   95 00000082 BC01            POP              {R0}
   96 00000084 F7FF FFFE       BL               ST7735_OutChar
   97 00000088 BC01            POP              {R0}
   98 0000008A F7FF FFFE       BL               ST7735_OutChar
   99 0000008E         
  100 0000008E BD30            POP              {R4, R5, PC}
  101 00000090         
  102 00000090 F04F 002A 
                       oversized
                               MOV              R0, #0x2A   ;ASTERISK SYM
  103 00000094 F7FF FFFE       BL               ST7735_OutChar
  104 00000098 F04F 002E       MOV              R0, #0x2E   ;PERIOD SYM
  105 0000009C F7FF FFFE       BL               ST7735_OutChar
  106 000000A0 F04F 002A       MOV              R0, #0x2A
  107 000000A4 F7FF FFFE       BL               ST7735_OutChar
  108 000000A8 F04F 002A       MOV              R0, #0x2A
  109 000000AC F7FF FFFE       BL               ST7735_OutChar
  110 000000B0 F04F 002A       MOV              R0, #0x2A
  111 000000B4 F7FF FFFE       BL               ST7735_OutChar
  112 000000B8         
  113 000000B8 BD30            POP              {R4, R5, PC}
  114 000000BA         
  115 000000BA 00 00           ALIGN
  116 000000BC         ;* * * * * * * * End of LCD_OutFix * * * * * * * *
  117 000000BC         
  118 000000BC                 ALIGN                        ; make sure the end
                                                             of this section is
                                                             aligned
  119 000000BC                 END                          ; end of file
Command Line: --debug --xref --cpu=Cortex-M4 --apcs=interwork --depend=.\print.
d -o.\print.o -IC:\Keil\ARM\RV31\INC -IC:\Keil\ARM\CMSIS\Include -IC:\Keil\ARM\
Inc\Luminary --predefine="__MICROLIB SETA 1" --list=.\print.lst Print.s



ARM Macro Assembler    Page 1 Alphabetic symbol ordering
Relocatable symbols

.text 00000000

Symbol: .text
   Definitions
      At line 20 in file Print.s
   Uses
      None
Comment: .text unused
LCD_OutDec 00000000

Symbol: LCD_OutDec
   Definitions
      At line 29 in file Print.s
   Uses
      At line 14 in file Print.s
Comment: LCD_OutDec used once
LCD_OutFix 0000003A

Symbol: LCD_OutFix
   Definitions
      At line 69 in file Print.s
   Uses
      At line 15 in file Print.s
Comment: LCD_OutFix used once
decascii 0000000C

Symbol: decascii
   Definitions
      At line 37 in file Print.s
   Uses
      At line 46 in file Print.s
Comment: decascii used once
exit_ascii 00000038

Symbol: exit_ascii
   Definitions
      At line 54 in file Print.s
   Uses
      None
Comment: exit_ascii unused
fixedascii 00000052

Symbol: fixedascii
   Definitions
      At line 79 in file Print.s
   Uses
      At line 87 in file Print.s
Comment: fixedascii used once
oversized 00000090

Symbol: oversized
   Definitions
      At line 102 in file Print.s
   Uses
      At line 73 in file Print.s
      At line 75 in file Print.s

printdec 0000002A




ARM Macro Assembler    Page 2 Alphabetic symbol ordering
Relocatable symbols

Symbol: printdec
   Definitions
      At line 48 in file Print.s
   Uses
      At line 44 in file Print.s
      At line 53 in file Print.s

printfixed 0000006E

Symbol: printfixed
   Definitions
      At line 89 in file Print.s
   Uses
      None
Comment: printfixed unused
9 symbols



ARM Macro Assembler    Page 1 Alphabetic symbol ordering
External symbols

ST7735_OutChar 00000000

Symbol: ST7735_OutChar
   Definitions
      At line 12 in file Print.s
      At line 18 in file Print.s
   Uses
      At line 50 in file Print.s
      At line 90 in file Print.s
      At line 92 in file Print.s
      At line 94 in file Print.s
      At line 96 in file Print.s
      At line 98 in file Print.s
      At line 103 in file Print.s
      At line 105 in file Print.s
      At line 107 in file Print.s
      At line 109 in file Print.s
      At line 111 in file Print.s
Warning: ST7735_OutChar multiply defined
ST7735_OutString 00000000

Symbol: ST7735_OutString
   Definitions
      At line 13 in file Print.s
   Uses
      None
Comment: ST7735_OutString unused
writecommand 00000000

Symbol: writecommand
   Definitions
      At line 17 in file Print.s
   Uses
      None
Comment: writecommand unused
writedata 00000000

Symbol: writedata
   Definitions
      At line 16 in file Print.s
   Uses
      None
Comment: writedata unused
4 symbols
344 symbols in table
